<?xml version="1.0" encoding="UTF-8"?>
<!-- Generated by org.testng.reporters.JUnitReportReporter -->
<testsuite hostname="sysadmin" failures="0" tests="6" name="prasanna.maven.NewTest2" time="0.009" errors="0" timestamp="28 Feb 2020 04:28:25 GMT" skipped="0">
  <testcase classname="prasanna.maven.NewTest2" name="TEst2" time="0.005"/>
  <testcase classname="prasanna.maven.NewTest2" name="e_method" time="0.001"/>
  <testcase classname="prasanna.maven.NewTest2" name="a_method" time="0.001"/>
  <testcase classname="prasanna.maven.NewTest2" name="d_method" time="0.001"/>
  <testcase classname="prasanna.maven.NewTest2" name="c_method" time="0.000"/>
  <testcase classname="prasanna.maven.NewTest2" name="b_method" time="0.001"/>
</testsuite> <!-- prasanna.maven.NewTest2 -->
