<?xml version="1.0" encoding="UTF-8"?>
<!-- Generated by org.testng.reporters.JUnitReportReporter -->
<testsuite hostname="sysadmin" failures="0" tests="1" name="prasanna2.NewTestmaven" time="0.004" errors="0" timestamp="06 Feb 2020 06:58:27 GMT" skipped="0">
  <testcase classname="prasanna2.NewTestmaven" name="f" time="0.004"/>
</testsuite> <!-- prasanna2.NewTestmaven -->
